<?xml version="1.0" encoding="UTF-8"?>
<!-- Generated by org.testng.reporters.JUnitXMLReporter -->
<testsuite ignored="0" hostname="kalpesh16" failures="0" tests="5" name="Default test" time="12.03" errors="0" timestamp="28 Sep 2021 18:35:07 GMT">
  <testcase classname="Testng.DataProvider.DataProviderByExcel" name="launchBrowser" time="2.397"/>
  <testcase classname="Testng.DataProvider.DataProviderByExcel" name="firstName_lastName" time="2.273"/>
  <testcase classname="Testng.DataProvider.DataProviderByExcel" name="firstName_lastName" time="2.234"/>
  <testcase classname="Testng.DataProvider.DataProviderByExcel" name="firstName_lastName" time="2.213"/>
  <testcase classname="Testng.DataProvider.DataProviderByExcel" name="firstName_lastName" time="2.207"/>
</testsuite> <!-- Default test -->
