<?xml version="1.0" encoding="UTF-8"?>
<!-- Generated by org.testng.reporters.JUnitXMLReporter -->
<testsuite ignored="1" hostname="kalpesh16" failures="0" tests="4" name="example2" time="10.943" errors="0" timestamp="28 Sep 2021 04:06:54 GMT">
  <testcase classname="Testng.DataProvider.DataProviderByGroups" name="launchBrowser" time="2.839"/>
  <testcase classname="Testng.DataProvider.DataProviderByGroups" name="mobNo_password" time="2.975"/>
  <testcase classname="Testng.DataProvider.DataProviderByGroups" name="mobNo_password" time="2.685"/>
  <testcase classname="Testng.DataProvider.DataProviderByGroups" name="mobNo_password" time="2.433"/>
  <testcase classname="Testng.DataProvider.DataProviderByGroups" name="firstName_lastName" time="0.0">
    <ignored/>
  </testcase> <!-- firstName_lastName -->
</testsuite> <!-- example2 -->
