<?xml version="1.0" encoding="UTF-8"?>
<!-- Generated by org.testng.reporters.JUnitXMLReporter -->
<testsuite ignored="0" hostname="kalpesh16" failures="0" tests="3" name="Test1" time="9.075" errors="0" timestamp="27 Sep 2021 18:08:51 GMT">
  <testcase classname="Testng.DataProvider.ParametersDataProvider" name="launchBrowser" time="3.083"/>
  <testcase classname="Testng.DataProvider.ParametersDataProvider" name="firstName_lastName" time="3.511"/>
  <testcase classname="Testng.DataProvider.ParametersDataProvider" name="mobNo_password" time="2.471"/>
</testsuite> <!-- Test1 -->
