<?xml version="1.0" encoding="UTF-8"?>
<!-- Generated by org.testng.reporters.JUnitXMLReporter -->
<testsuite ignored="1" hostname="kalpesh16" failures="0" tests="4" name="Test" time="12.356" errors="0" timestamp="28 Sep 2021 04:06:43 GMT">
  <testcase classname="Testng.DataProvider.DataProviderByGroups" name="launchBrowser" time="3.808"/>
  <testcase classname="Testng.DataProvider.DataProviderByGroups" name="firstName_lastName" time="3.158"/>
  <testcase classname="Testng.DataProvider.DataProviderByGroups" name="firstName_lastName" time="2.796"/>
  <testcase classname="Testng.DataProvider.DataProviderByGroups" name="firstName_lastName" time="2.521"/>
  <testcase classname="Testng.DataProvider.DataProviderByGroups" name="mobNo_password" time="0.0">
    <ignored/>
  </testcase> <!-- mobNo_password -->
</testsuite> <!-- Test -->
